 
#------------------------------------------------------------
#
#   ,o, ,o,       /                                 
#    `   `  e88~88e  d88~\   /~~~8e Y88b    e    / 
#   888 888 88   88 C888         88b Y88b  d8b  /   
#   888 888 "8b_d8"  Y88b   e88~-888  Y888/Y88b/  
#   888 888  /        888D C88   888   Y8/  Y8/     
#   88P 888 Cb      \_88P   "8b_-888    Y    Y    
# \_8"       Y8""8D                             
#
#------------------------------------------------------------
# JIGSAW: an unstructured mesh generation package.  
#------------------------------------------------------------
 
  JIGSAW VERSION 0.9.5

  Reading CFG. file...

  CFG. data summary...

  GEOM_FILE = jigsaw/geo/box1-GEOM.msh 
  MESH_FILE = jigsaw/out/box1-MESH.msh 
  HFUN_FILE = jigsaw/out/box1-HFUN.msh 

  Done. (2.48e-04sec)

#------------------------------------------------------------

  Reading GEOM file...

  Done. (3.86e-04sec)

#------------------------------------------------------------

  Reading HFUN file...

  Done. (2.77e-04sec)

#------------------------------------------------------------

  Forming HFUN data...

  Done. (2.00e-06sec)

#------------------------------------------------------------

  Generate rDT MESH...

#------------------------------------------------------------
#    |ITER.|      |DEL-1|      |DEL-2| 
#------------------------------------------------------------
       6197          378        12020

  Done. (3.94e-02sec)

#------------------------------------------------------------

  Pushing MESH data...

  Done. (8.28e-03sec)

#------------------------------------------------------------

  MESH optimisation...

#------------------------------------------------------------
#    |MOVE.|      |FLIP.|      |MERGE|      |SPLIT| 
#------------------------------------------------------------
       2513            0            1            0
       3021            0            0            0
       2638            0            0            0
       2444            0            0            0
       2570            0            0            0
       2473            0            0            0
       2176            0            0            0
       1914            0            0            0
       1696            0            0            0
       1475            0            0            0
       1299            0            0            0
       1140            0            0            0
       1010            0            0            0
        905            0            0            0
        800            0            0            0
        681            0            0            0

  Done. (9.72e-01sec)

#------------------------------------------------------------

  Writing MESH file...

  Done. (1.73e-02sec)

