 
#------------------------------------------------------------
#
#   ,o, ,o,       /                                 
#    `   `  e88~88e  d88~\   /~~~8e Y88b    e    / 
#   888 888 88   88 C888         88b Y88b  d8b  /   
#   888 888 "8b_d8"  Y88b   e88~-888  Y888/Y88b/  
#   888 888  /        888D C88   888   Y8/  Y8/     
#   88P 888 Cb      \_88P   "8b_-888    Y    Y    
# \_8"       Y8""8D                             
#
#------------------------------------------------------------
# JIGSAW: an unstructured mesh generation package.  
#------------------------------------------------------------
 
  JIGSAW VERSION 0.9.5

  Reading CFG. file...

  CFG. data summary...

  GEOM_FILE = jigsaw/geo/EXAMPLE1-GEOM.msh 
  MESH_FILE = jigsaw/out/EXAMPLE1-MESH.msh 
  HFUN_FILE = jigsaw/out/EXAMPLE1-HFUN.msh 

  Done. (5.30e-04sec)

#------------------------------------------------------------

  Reading GEOM file...

  Done. (2.48e-04sec)

#------------------------------------------------------------

  Reading HFUN file...

  Done. (5.02e-04sec)

#------------------------------------------------------------

  Forming HFUN data...

  Done. (4.00e-06sec)

#------------------------------------------------------------

  Generate rDT MESH...

#------------------------------------------------------------
#    |ITER.|      |DEL-1|      |DEL-2|      |DEL-3| 
#------------------------------------------------------------
      12500            0        25004            0
      25000            0        50004            0
      26614            0        53230            0

  Done. (9.15e-01sec)

#------------------------------------------------------------

  Pushing MESH data...

  Done. (5.01e-02sec)

#------------------------------------------------------------

  MESH optimisation...

#------------------------------------------------------------
#    |MOVE.|      |FLIP.|      |MERGE|      |SPLIT| 
#------------------------------------------------------------

  Done. (3.59e-02sec)

#------------------------------------------------------------

  Writing MESH file...

  Done. (1.04e-01sec)

