 
#------------------------------------------------------------
#
#   ,o, ,o,       /                                 
#    `   `  e88~88e  d88~\   /~~~8e Y88b    e    / 
#   888 888 88   88 C888         88b Y88b  d8b  /   
#   888 888 "8b_d8"  Y88b   e88~-888  Y888/Y88b/  
#   888 888  /        888D C88   888   Y8/  Y8/     
#   88P 888 Cb      \_88P   "8b_-888    Y    Y    
# \_8"       Y8""8D                             
#
#------------------------------------------------------------
# JIGSAW: an unstructured mesh generation package.  
#------------------------------------------------------------
 
  JIGSAW VERSION 0.9.5

  Reading CFG. file...

  CFG. data summary...

  GEOM_FILE = jigsaw/geo/isomip-GEOM.msh 
  MESH_FILE = jigsaw/out/isomip-MESH.msh 
  HFUN_FILE = jigsaw/out/isomip-HFUN.msh 

  Done. (1.14e-03sec)

#------------------------------------------------------------

  Reading GEOM file...

  Done. (2.48e-03sec)

#------------------------------------------------------------

  Reading HFUN file...

  Done. (5.95e-04sec)

#------------------------------------------------------------

  Forming HFUN data...

  Done. (4.00e-06sec)

#------------------------------------------------------------

  Generate rDT MESH...

#------------------------------------------------------------
#    |ITER.|      |DEL-1|      |DEL-2| 
#------------------------------------------------------------
      15438          794        30078

  Done. (1.10e-01sec)

#------------------------------------------------------------

  Pushing MESH data...

  Done. (2.50e-02sec)

#------------------------------------------------------------

  MESH optimisation...

#------------------------------------------------------------
#    |MOVE.|      |FLIP.|      |MERGE|      |SPLIT| 
#------------------------------------------------------------
       5275            0            1            0
       6542            0            0            0
       5850            0            0            0
       6259            0            0            0
       7196            0            0            0
       7022            0            0            0
       6465            0            0            0
       5778            0            0            0
       5146            0            0            0
       4457            0            0            0
       3979            0            0            0
       3363            0            0            0
       2899            0            0            0
       2444            0            0            0
       1999            0            0            0
       1693            0            0            0

  Done. (2.82e+00sec)

#------------------------------------------------------------

  Writing MESH file...

  Done. (3.28e-02sec)

